<?xml version="1.0" encoding="UTF-8"?>
<!-- Generated by org.testng.reporters.JUnitReportReporter -->
<testsuite hostname="SANKET" failures="0" tests="1" name="com.bridgelabz.json.Restassured_Json_Test" time="2.146" errors="0" timestamp="2022-12-16T20:23:28 IST" skipped="0">
  <testcase classname="com.bridgelabz.json.Restassured_Json_Test" name="delete_Posts" time="2.146"/>
  <system-out/>
</testsuite> <!-- com.bridgelabz.json.Restassured_Json_Test -->
